e:\wyq\icp\2015coin3d - pcl_registration - 副本\2015coin3d\debug\2015coin3d.pch
e:\wyq\icp\2015coin3d - pcl_registration - 副本\2015coin3d\debug\vc120.pdb
e:\wyq\icp\2015coin3d - pcl_registration - 副本\2015coin3d\debug\vc120.idb
e:\wyq\icp\2015coin3d - pcl_registration - 副本\2015coin3d\debug\stdafx.obj
e:\wyq\icp\2015coin3d - pcl_registration - 副本\2015coin3d\debug\2015coin3d.obj
e:\wyq\icp\2015coin3d - pcl_registration - 副本\2015coin3d\debug\icp.obj
e:\wyq\icp\2015coin3d - pcl_registration - 副本\2015coin3d\debug\mcdate.obj
e:\wyq\icp\2015coin3d - pcl_registration - 副本\2015coin3d\debug\mymath.obj
e:\wyq\icp\2015coin3d - pcl_registration - 副本\debug\2015coin3d.ilk
e:\wyq\icp\2015coin3d - pcl_registration - 副本\debug\2015coin3d.exe
e:\wyq\icp\2015coin3d - pcl_registration - 副本\debug\2015coin3d.pdb
e:\wyq\icp\2015coin3d - pcl_registration - 副本 - 副本\2015coin3d\debug\2015coin3d.obj
e:\wyq\icp\2015coin3d - pcl_registration - 副本 - 副本\2015coin3d\debug\icp.obj
e:\wyq\icp\2015coin3d - pcl_registration - 副本 - 副本\2015coin3d\debug\mcdate.obj
e:\wyq\icp\2015coin3d - pcl_registration - 副本 - 副本\2015coin3d\debug\mymath.obj
e:\wyq\icp\2015coin3d - pcl_registration - 副本 - 副本\2015coin3d\debug\stdafx.obj
e:\wyq\icp\2015coin3d - pcl_registration - 副本 - 副本\2015coin3d\debug\2015coin3d.pch
e:\wyq\icp\2015coin3d - pcl_registration - 副本 - 副本\2015coin3d\debug\vc120.idb
e:\wyq\icp\2015coin3d - pcl_registration - 副本 - 副本\2015coin3d\debug\vc120.pdb
e:\wyq\icp\2015coin3d - pcl_registration - 副本 - 副本\debug\2015coin3d.pdb
e:\wyq\icp\2015coin3d - pcl_registration - 副本 - 副本\debug\2015coin3d.exe
e:\wyq\icp\2015coin3d - pcl_registration - 副本 - 副本\debug\2015coin3d.ilk
e:\wyq\icp\2015coin3d - pcl_registration - 副本 - 副本\2015coin3d\debug\2015coin3d.tlog\cl.command.1.tlog
e:\wyq\icp\2015coin3d - pcl_registration - 副本 - 副本\2015coin3d\debug\2015coin3d.tlog\cl.read.1.tlog
e:\wyq\icp\2015coin3d - pcl_registration - 副本 - 副本\2015coin3d\debug\2015coin3d.tlog\cl.write.1.tlog
e:\wyq\icp\2015coin3d - pcl_registration - 副本 - 副本\2015coin3d\debug\2015coin3d.tlog\link.command.1.tlog
e:\wyq\icp\2015coin3d - pcl_registration - 副本 - 副本\2015coin3d\debug\2015coin3d.tlog\link.read.1.tlog
e:\wyq\icp\2015coin3d - pcl_registration - 副本 - 副本\2015coin3d\debug\2015coin3d.tlog\link.write.1.tlog
